[2017-08-23 17:35:37] request.INFO: Matched route "admin_module_catalog". {"route_parameters":{"_controller":"PrestaShopBundle\\Controller\\Admin\\ModuleController::catalogAction","_legacy_controller":"AdminModules","_route":"admin_module_catalog"},"request_uri":"http://localhost/mebooks/admin06/index.php/module/catalog?_token=bQpHFPyeylQ1ikVQYEvEv4i4nekE-z1m9NYyfeMFQis"} []
[2017-08-23 17:35:38] security.INFO: Populated the TokenStorage with an anonymous Token. [] []
[2017-08-23 17:35:44] app.ERROR: Data from PrestaShop Addons is invalid, and cannot fallback on cache.  {"exception":"cURL error 28: Operation timed out after 5007 milliseconds with 106729 bytes received"} []
[2017-08-23 17:35:52] security.DEBUG: Stored the security token in the session. {"key":"_security_main"} []
[2017-09-20 00:01:41] request.INFO: Matched route "admin_module_manage". {"route_parameters":{"category":null,"keyword":null,"_controller":"PrestaShopBundle\\Controller\\Admin\\ModuleController::manageAction","_legacy_controller":"AdminModules","_route":"admin_module_manage"},"request_uri":"http://localhost/mebooks/admin06/index.php/module/manage?_token=xCkANphEwFuIXg1cWhPfS18CyGb2yyfFQXwIkaKCKWw"} []
[2017-09-20 00:02:01] security.DEBUG: Read existing security token from the session. {"key":"_security_main"} []
[2017-09-20 00:02:01] security.DEBUG: User was reloaded from a user provider. {"username":"mebookstore6@gmail.com","provider":"PrestaShopBundle\\Security\\Admin\\EmployeeProvider"} []
[2017-09-20 00:02:11] request.CRITICAL: Uncaught PHP Exception Symfony\Component\Debug\Exception\FatalErrorException: "Error: Maximum execution time of 30 seconds exceeded" at C:\xampp\htdocs\mebooks\classes\Tools.php line 1834 {"exception":"[object] (Symfony\\Component\\Debug\\Exception\\FatalErrorException(code: 0): Error: Maximum execution time of 30 seconds exceeded at C:\\xampp\\htdocs\\mebooks\\classes\\Tools.php:1834)"} []
[2017-09-20 00:02:13] security.DEBUG: Stored the security token in the session. {"key":"_security_main"} []
[2017-09-22 00:04:52] request.INFO: Matched route "admin_module_catalog". {"route_parameters":{"_controller":"PrestaShopBundle\\Controller\\Admin\\ModuleController::catalogAction","_legacy_controller":"AdminModules","_route":"admin_module_catalog"},"request_uri":"http://localhost/mebooks/admin06/index.php/module/catalog?_token=x3cuYZoAmrlyj7II44NagpTTI2fBfxC6dI897-KmGpQ"} []
[2017-09-22 00:04:57] security.INFO: Populated the TokenStorage with an anonymous Token. [] []
[2017-09-22 00:05:12] app.ERROR: Data from PrestaShop Addons is invalid, and cannot fallback on cache.  {"exception":"cURL error 28: Operation timed out after 5000 milliseconds with 904760630706176 bytes received"} []
[2017-09-22 00:05:22] request.CRITICAL: Uncaught PHP Exception Symfony\Component\Debug\Exception\FatalErrorException: "Error: Maximum execution time of 30 seconds exceeded" at C:\xampp\htdocs\mebooks\classes\db\DbPDO.php line 134 {"exception":"[object] (Symfony\\Component\\Debug\\Exception\\FatalErrorException(code: 0): Error: Maximum execution time of 30 seconds exceeded at C:\\xampp\\htdocs\\mebooks\\classes\\db\\DbPDO.php:134)"} []
[2017-09-22 00:05:22] security.DEBUG: Stored the security token in the session. {"key":"_security_main"} []
[2017-09-22 00:24:27] request.INFO: Matched route "admin_module_catalog". {"route_parameters":{"_controller":"PrestaShopBundle\\Controller\\Admin\\ModuleController::catalogAction","_legacy_controller":"AdminModules","_route":"admin_module_catalog"},"request_uri":"http://localhost/mebooks/admin06/index.php/module/catalog?_token=ikQS0VdQUz_2vnO4U6Ge_nqbLbZjONiVh8qtWPC-2zo"} []
[2017-09-22 00:24:27] security.INFO: Populated the TokenStorage with an anonymous Token. [] []
[2017-09-22 00:24:32] app.ERROR: Data from PrestaShop Addons is invalid, and cannot fallback on cache.  {"exception":"cURL error 28: Operation timed out after 5000 milliseconds with 758147627089920 bytes received"} []
[2017-09-22 00:24:32] security.DEBUG: Stored the security token in the session. {"key":"_security_main"} []
[2017-09-22 00:24:34] request.INFO: Matched route "admin_module_catalog_refresh". {"route_parameters":{"category":null,"keyword":null,"_controller":"PrestaShopBundle\\Controller\\Admin\\ModuleController::refreshCatalogAction","_legacy_controller":"AdminModules","_route":"admin_module_catalog_refresh"},"request_uri":"http://localhost/mebooks/admin06/index.php/module/catalog/refresh?_token=ikQS0VdQUz_2vnO4U6Ge_nqbLbZjONiVh8qtWPC-2zo"} []
[2017-09-22 00:24:34] security.DEBUG: Read existing security token from the session. {"key":"_security_main"} []
[2017-09-22 00:24:34] security.DEBUG: User was reloaded from a user provider. {"username":"mebookstore6@gmail.com","provider":"PrestaShopBundle\\Security\\Admin\\EmployeeProvider"} []
[2017-09-22 00:24:39] app.ERROR: Data from PrestaShop Addons is invalid, and cannot fallback on cache.  {"exception":"cURL error 28: Operation timed out after 5000 milliseconds with 693997995556864 bytes received"} []
[2017-09-22 00:24:41] security.DEBUG: Stored the security token in the session. {"key":"_security_main"} []
[2017-09-23 22:22:20] request.INFO: Matched route "admin_module_catalog". {"route_parameters":{"_controller":"PrestaShopBundle\\Controller\\Admin\\ModuleController::catalogAction","_legacy_controller":"AdminModules","_route":"admin_module_catalog"},"request_uri":"http://localhost/mebooks/admin06/index.php/module/catalog?_token=E1X4OsWDJMmvTQMEOos7AWw8HjRDdis8jO8JDx3I65Q"} []
[2017-09-23 22:22:21] security.DEBUG: Read existing security token from the session. {"key":"_security_main"} []
[2017-09-23 22:22:21] security.DEBUG: User was reloaded from a user provider. {"username":"mebookstore6@gmail.com","provider":"PrestaShopBundle\\Security\\Admin\\EmployeeProvider"} []
[2017-09-23 22:22:33] app.ERROR: Data from PrestaShop Addons is invalid, and cannot fallback on cache.  {"exception":"cURL error 28: Operation timed out after 5000 milliseconds with 297044233158656 bytes received"} []
[2017-09-23 22:22:41] security.DEBUG: Stored the security token in the session. {"key":"_security_main"} []
